Determining if the pthread_create exist failed with the following output:
Change Dir: /home/gazebo/Firmware/build/px4_sitl_default/build_gazebo/CMakeFiles/CMakeTmp

Run Build Command:"/usr/bin/ninja" "cmTC_21f0a"
[1/2] Building C object CMakeFiles/cmTC_21f0a.dir/CheckSymbolExists.c.o
[2/2] Linking C executable cmTC_21f0a
FAILED: cmTC_21f0a 
: && /usr/bin/cc    CMakeFiles/cmTC_21f0a.dir/CheckSymbolExists.c.o  -o cmTC_21f0a   && :
CMakeFiles/cmTC_21f0a.dir/CheckSymbolExists.c.o: In function `main':
CheckSymbolExists.c:(.text+0x1b): undefined reference to `pthread_create'
collect2: error: ld returned 1 exit status
ninja: build stopped: subcommand failed.

File /home/gazebo/Firmware/build/px4_sitl_default/build_gazebo/CMakeFiles/CMakeTmp/CheckSymbolExists.c:
/* */
#include <pthread.h>

int main(int argc, char** argv)
{
  (void)argv;
#ifndef pthread_create
  return ((int*)(&pthread_create))[argc];
#else
  (void)argc;
  return 0;
#endif
}

Determining if the function pthread_create exists in the pthreads failed with the following output:
Change Dir: /home/gazebo/Firmware/build/px4_sitl_default/build_gazebo/CMakeFiles/CMakeTmp

Run Build Command:"/usr/bin/ninja" "cmTC_cafb6"
[1/2] Building C object CMakeFiles/cmTC_cafb6.dir/CheckFunctionExists.c.o
[2/2] Linking C executable cmTC_cafb6
FAILED: cmTC_cafb6 
: && /usr/bin/cc -DCHECK_FUNCTION_EXISTS=pthread_create   CMakeFiles/cmTC_cafb6.dir/CheckFunctionExists.c.o  -o cmTC_cafb6  -lpthreads && :
/usr/bin/ld: cannot find -lpthreads
collect2: error: ld returned 1 exit status
ninja: build stopped: subcommand failed.


